<?xml version="1.0" encoding="UTF-8"?>
<testsuite name="tests.SearchPageTest" tests="1" skipped="0" failures="0" errors="0" timestamp="2020-12-08T18:41:31" hostname="PVBMPRL0852" time="11.409">
  <properties/>
  <testcase name="searchPageTest()" classname="tests.SearchPageTest" time="11.409"/>
  <system-out><![CDATA[]]></system-out>
  <system-err><![CDATA[Starting ChromeDriver 86.0.4240.22 (398b0743353ff36fb1b82468f63a3a93b4e2e89e-refs/branch-heads/4240@{#378}) on port 21374
Only local connections are allowed.
Please see https://chromedriver.chromium.org/security-considerations for suggestions on keeping ChromeDriver safe.
ChromeDriver was started successfully.
]]></system-err>
</testsuite>
